<?xml version="1.0" encoding="UTF-8"?>
<!-- Generated by org.testng.reporters.JUnitXMLReporter -->
<testsuite ignored="1" hostname="DESKTOP-QVM6J4J" failures="1" tests="9" name="Test" time="25.015" errors="0" timestamp="2023-04-07T09:11:45 IST">
  <testcase classname="com.Test_1.Test_Testng_3" name="pqr" time="0.009">
    <failure type="java.lang.AssertionError" message="expected [true] but found [false]">
      <![CDATA[java.lang.AssertionError: expected [true] but found [false]
at com.Test_1.Test_Testng_3.pqr(Test_Testng_3.java:22)
at java.base/java.util.ArrayList.forEach(ArrayList.java:1540)
... Removed 31 stack frames]]>
    </failure>
  </testcase> <!-- pqr -->
  <testcase classname="com.Test_1.Test_Testng_3" name="xyz" time="0.001"/>
  <testcase classname="com.Test_1.Test_Testng_3" name="xyz" time="0.001"/>
  <testcase classname="com.Test_1.Test_Testng_3" name="tab" time="0.0">
    <skipped/>
  </testcase> <!-- tab -->
  <testcase classname="com.Test_1.Test_testng_2" name="test_1" time="0.409"/>
  <testcase classname="com.Test_1.Test_testng_2" name="test_2" time="0.323"/>
  <testcase classname="com.Test_1.Test_testng_1" name="Test_1" time="0.001"/>
  <testcase classname="com.Test_1.Test_testng_1" name="Test_2" time="0.001"/>
  <testcase classname="com.Test_1.Test_Registration" name="verify_registrationPageTest" time="6.247"/>
  <testcase classname="com.Test_1.Test_Testng_3" name="abc" time="0.0">
    <ignored/>
  </testcase> <!-- abc -->
</testsuite> <!-- Test -->
