<?xml version="1.0" encoding="UTF-8"?>
<!-- Generated by org.testng.reporters.JUnitXMLReporter -->
<testsuite ignored="0" hostname="DESKTOP-QVM6J4J" failures="0" tests="4" name="Test" time="12.712" errors="0" timestamp="2023-04-05T09:30:42 IST">
  <testcase classname="com.Test_1.Test_testng_2" name="test_1" time="0.517"/>
  <testcase classname="com.Test_1.Test_testng_2" name="test_2" time="0.395"/>
  <testcase classname="com.Test_1.Test_testng_1" name="Test_1" time="0.001"/>
  <testcase classname="com.Test_1.Test_testng_1" name="Test_2" time="0.001"/>
</testsuite> <!-- Test -->
