<?xml version="1.0" encoding="UTF-8"?>
<!-- Generated by org.testng.reporters.JUnitXMLReporter -->
<testsuite ignored="2" hostname="DESKTOP-QVM6J4J" failures="0" tests="2" name="Test_chrome" time="0.008" errors="0" timestamp="2023-04-11T09:28:10 IST">
  <testcase classname="Groups_Test.Test_S3" name="a1" time="0.001"/>
  <testcase classname="Groups_Test.Test_S2" name="p2" time="0.0"/>
  <testcase classname="Groups_Test.Test_S2" name="p3" time="0.0">
    <ignored/>
  </testcase> <!-- p3 -->
  <testcase classname="Groups_Test.Test_S2" name="p1" time="0.0">
    <ignored/>
  </testcase> <!-- p1 -->
</testsuite> <!-- Test_chrome -->
