<?xml version="1.0" encoding="UTF-8"?>
<testng-results ignored="0" total="1" passed="1" failed="0" skipped="0">
  <reporter-output>
  </reporter-output>
  <suite started-at="2023-04-22T20:23:13 IST" name="Default suite" finished-at="2023-04-22T20:23:13 IST" duration-ms="62">
    <groups>
    </groups>
    <test started-at="2023-04-22T20:23:13 IST" name="Default test" finished-at="2023-04-22T20:23:13 IST" duration-ms="62">
      <class name="com.Test_1.Test_tc_004">
        <test-method signature="test_004()[pri:0, instance:com.Test_1.Test_tc_004@1ea9f6af]" started-at="2023-04-22T20:23:13 IST" name="test_004" finished-at="2023-04-22T20:23:13 IST" duration-ms="14" status="PASS">
          <reporter-output>
          </reporter-output>
        </test-method> <!-- test_004 -->
      </class> <!-- com.Test_1.Test_tc_004 -->
    </test> <!-- Default test -->
  </suite> <!-- Default suite -->
</testng-results>
