<?xml version="1.0" encoding="UTF-8"?>
<testng-results ignored="2" total="5" passed="3" failed="0" skipped="0">
  <reporter-output>
  </reporter-output>
  <suite started-at="2023-04-11T09:28:10 IST" name="Suite" finished-at="2023-04-11T09:28:10 IST" duration-ms="130">
    <groups>
      <group name="Sanity">
        <method signature="Test_S3.a1()[pri:0, instance:Groups_Test.Test_S3@5a56cdac]" name="a1" class="Groups_Test.Test_S3"/>
        <method signature="Test_S2.p2()[pri:0, instance:Groups_Test.Test_S2@738dc9b]" name="p2" class="Groups_Test.Test_S2"/>
        <method signature="Test_S3.a1()[pri:0, instance:Groups_Test.Test_S3@71ba6d4e]" name="a1" class="Groups_Test.Test_S3"/>
      </group> <!-- Sanity -->
    </groups>
    <test started-at="2023-04-11T09:28:10 IST" name="Test_Edge" finished-at="2023-04-11T09:28:10 IST" duration-ms="63">
      <class name="Groups_Test.Test_S3">
        <test-method signature="a1()[pri:0, instance:Groups_Test.Test_S3@5a56cdac]" started-at="2023-04-11T09:28:10 IST" name="a1" finished-at="2023-04-11T09:28:10 IST" duration-ms="9" status="PASS">
          <reporter-output>
          </reporter-output>
        </test-method> <!-- a1 -->
      </class> <!-- Groups_Test.Test_S3 -->
    </test> <!-- Test_Edge -->
    <test started-at="2023-04-11T09:28:10 IST" name="Test_chrome" finished-at="2023-04-11T09:28:10 IST" duration-ms="8">
      <class name="Groups_Test.Test_S2">
        <test-method signature="p2()[pri:0, instance:Groups_Test.Test_S2@738dc9b]" started-at="2023-04-11T09:28:10 IST" name="p2" finished-at="2023-04-11T09:28:10 IST" duration-ms="0" status="PASS">
          <reporter-output>
          </reporter-output>
        </test-method> <!-- p2 -->
      </class> <!-- Groups_Test.Test_S2 -->
      <class name="Groups_Test.Test_S3">
        <test-method signature="a1()[pri:0, instance:Groups_Test.Test_S3@71ba6d4e]" started-at="2023-04-11T09:28:10 IST" name="a1" finished-at="2023-04-11T09:28:10 IST" duration-ms="1" status="PASS">
          <reporter-output>
          </reporter-output>
        </test-method> <!-- a1 -->
      </class> <!-- Groups_Test.Test_S3 -->
    </test> <!-- Test_chrome -->
  </suite> <!-- Suite -->
</testng-results>
