<?xml version="1.0" encoding="UTF-8"?>
<testng-results ignored="0" total="1" passed="1" failed="0" skipped="0">
  <reporter-output>
  </reporter-output>
  <suite started-at="2023-04-06T09:22:37 IST" name="Default suite" finished-at="2023-04-06T09:23:00 IST" duration-ms="22723">
    <groups>
    </groups>
    <test started-at="2023-04-06T09:22:37 IST" name="Default test" finished-at="2023-04-06T09:23:00 IST" duration-ms="22723">
      <class name="com.Test_1.Test_Registration">
        <test-method is-config="true" signature="setUp()[pri:0, instance:com.Test_1.Test_Registration@bae7dc0]" started-at="2023-04-06T09:22:37 IST" name="setUp" finished-at="2023-04-06T09:22:51 IST" duration-ms="14231" status="PASS">
          <reporter-output>
          </reporter-output>
        </test-method> <!-- setUp -->
        <test-method signature="verify_registrationPageTest()[pri:0, instance:com.Test_1.Test_Registration@bae7dc0]" started-at="2023-04-06T09:22:51 IST" name="verify_registrationPageTest" finished-at="2023-04-06T09:22:59 IST" duration-ms="8251" status="PASS">
          <reporter-output>
          </reporter-output>
        </test-method> <!-- verify_registrationPageTest -->
        <test-method is-config="true" signature="tearDown()[pri:0, instance:com.Test_1.Test_Registration@bae7dc0]" started-at="2023-04-06T09:22:59 IST" name="tearDown" finished-at="2023-04-06T09:23:00 IST" duration-ms="188" status="PASS">
          <reporter-output>
          </reporter-output>
        </test-method> <!-- tearDown -->
      </class> <!-- com.Test_1.Test_Registration -->
    </test> <!-- Default test -->
  </suite> <!-- Default suite -->
</testng-results>
